mode: atomic
github.com/rhdedgar/clamsig-puller/pull_clam_signatures.go:25.74,30.16 2 2
github.com/rhdedgar/clamsig-puller/pull_clam_signatures.go:35.2,35.18 1 2
github.com/rhdedgar/clamsig-puller/pull_clam_signatures.go:30.16,33.3 2 0
github.com/rhdedgar/clamsig-puller/pull_clam_signatures.go:39.47,43.2 2 1
github.com/rhdedgar/clamsig-puller/pull_clam_signatures.go:46.76,48.16 2 2
github.com/rhdedgar/clamsig-puller/pull_clam_signatures.go:53.2,53.18 1 2
github.com/rhdedgar/clamsig-puller/pull_clam_signatures.go:48.16,51.3 2 0
github.com/rhdedgar/clamsig-puller/pull_clam_signatures.go:58.80,63.37 2 1
github.com/rhdedgar/clamsig-puller/pull_clam_signatures.go:106.2,106.12 1 1
github.com/rhdedgar/clamsig-puller/pull_clam_signatures.go:63.37,64.56 1 3
github.com/rhdedgar/clamsig-puller/pull_clam_signatures.go:64.56,65.30 1 60
github.com/rhdedgar/clamsig-puller/pull_clam_signatures.go:65.30,67.76 2 0
github.com/rhdedgar/clamsig-puller/pull_clam_signatures.go:67.76,75.20 5 0
github.com/rhdedgar/clamsig-puller/pull_clam_signatures.go:80.6,87.20 3 0
github.com/rhdedgar/clamsig-puller/pull_clam_signatures.go:91.6,97.21 6 0
github.com/rhdedgar/clamsig-puller/pull_clam_signatures.go:75.20,78.7 2 0
github.com/rhdedgar/clamsig-puller/pull_clam_signatures.go:87.20,90.7 2 0
github.com/rhdedgar/clamsig-puller/pull_clam_signatures.go:99.11,99.26 1 0
github.com/rhdedgar/clamsig-puller/pull_clam_signatures.go:99.26,102.6 2 0
github.com/rhdedgar/clamsig-puller/pull_clam_signatures.go:109.13,113.16 3 0
github.com/rhdedgar/clamsig-puller/pull_clam_signatures.go:117.2,120.16 3 0
github.com/rhdedgar/clamsig-puller/pull_clam_signatures.go:124.2,126.16 2 0
github.com/rhdedgar/clamsig-puller/pull_clam_signatures.go:113.16,115.3 1 0
github.com/rhdedgar/clamsig-puller/pull_clam_signatures.go:120.16,122.3 1 0
github.com/rhdedgar/clamsig-puller/pull_clam_signatures.go:126.16,128.3 1 0
